[0422/184424.515:ERROR:process_memory_win.cc(73)] ReadMemory at 0x7ff61ea90000 of 64 bytes failed: Only part of a ReadProcessMemory or WriteProcessMemory request was completed. (0x12B)
[0422/184424.516:WARNING:pe_image_reader.cc(340)] could not read dos header from C:\Program Files (x86)\Google\Chrome\Application\chrome.exe
[0422/184424.516:ERROR:process_memory_win.cc(73)] ReadMemory at 0x7ffba5f60000 of 64 bytes failed: Only part of a ReadProcessMemory or WriteProcessMemory request was completed. (0x12B)
[0422/184424.516:WARNING:pe_image_reader.cc(340)] could not read dos header from C:\Windows\SYSTEM32\ntdll.dll
[0422/184424.516:ERROR:process_memory_win.cc(73)] ReadMemory at 0x7ffba4d30000 of 64 bytes failed: Only part of a ReadProcessMemory or WriteProcessMemory request was completed. (0x12B)
[0422/184424.516:WARNING:pe_image_reader.cc(340)] could not read dos header from C:\Windows\System32\KERNEL32.DLL
[0422/184424.516:ERROR:process_memory_win.cc(73)] ReadMemory at 0x7ffba3920000 of 64 bytes failed: Only part of a ReadProcessMemory or WriteProcessMemory request was completed. (0x12B)
[0422/184424.516:WARNING:pe_image_reader.cc(340)] could not read dos header from C:\Windows\System32\KERNELBASE.dll
[0422/184424.516:ERROR:process_memory_win.cc(73)] ReadMemory at 0x7ffb68d00000 of 64 bytes failed: Only part of a ReadProcessMemory or WriteProcessMemory request was completed. (0x12B)
[0422/184424.516:WARNING:pe_image_reader.cc(340)] could not read dos header from C:\Program Files (x86)\Google\Chrome\Application\81.0.4044.113\chrome_elf.dll
[0422/184424.516:ERROR:process_memory_win.cc(73)] ReadMemory at 0x7ffb9cef0000 of 64 bytes failed: Only part of a ReadProcessMemory or WriteProcessMemory request was completed. (0x12B)
[0422/184424.516:WARNING:pe_image_reader.cc(340)] could not read dos header from C:\Windows\SYSTEM32\VERSION.dll
[0422/184424.516:ERROR:process_memory_win.cc(73)] ReadMemory at 0x7ffba4730000 of 64 bytes failed: Only part of a ReadProcessMemory or WriteProcessMemory request was completed. (0x12B)
[0422/184424.516:WARNING:pe_image_reader.cc(340)] could not read dos header from C:\Windows\System32\msvcrt.dll
[0422/184424.516:ERROR:process_memory_win.cc(73)] ReadMemory at 0x7ffba2ef0000 of 64 bytes failed: Only part of a ReadProcessMemory or WriteProcessMemory request was completed. (0x12B)
[0422/184424.516:WARNING:pe_image_reader.cc(340)] could not read dos header from C:\Windows\System32\bcryptPrimitives.dll
[0422/184424.516:ERROR:process_memory_win.cc(73)] ReadMemory at 0x128ed2e0000 of 64 bytes failed: Only part of a ReadProcessMemory or WriteProcessMemory request was completed. (0x12B)
[0422/184424.516:WARNING:pe_image_reader.cc(340)] could not read dos header from C:\Windows\System32\ADVAPI32.dll
[0422/184424.516:ERROR:process_memory_win.cc(73)] ReadMemory at 0x7ffba57c0000 of 64 bytes failed: Only part of a ReadProcessMemory or WriteProcessMemory request was completed. (0x12B)
[0422/184424.516:WARNING:pe_image_reader.cc(340)] could not read dos header from C:\Windows\System32\sechost.dll
[0422/184424.516:ERROR:process_memory_win.cc(73)] ReadMemory at 0x7ffba5ad0000 of 64 bytes failed: Only part of a ReadProcessMemory or WriteProcessMemory request was completed. (0x12B)
[0422/184424.516:WARNING:pe_image_reader.cc(340)] could not read dos header from C:\Windows\System32\RPCRT4.dll
[0422/184424.516:ERROR:process_memory_win.cc(73)] ReadMemory at 0x7ffb4da40000 of 64 bytes failed: Only part of a ReadProcessMemory or WriteProcessMemory request was completed. (0x12B)
[0422/184424.516:WARNING:pe_image_reader.cc(340)] could not read dos header from C:\Program Files (x86)\Google\Chrome\Application\81.0.4044.113\chrome.dll
[0422/184424.516:ERROR:process_memory_win.cc(73)] ReadMemory at 0x7ffba5eb0000 of 64 bytes failed: Only part of a ReadProcessMemory or WriteProcessMemory request was completed. (0x12B)
[0422/184424.516:WARNING:pe_image_reader.cc(340)] could not read dos header from C:\Windows\System32\WS2_32.dll
[0422/184424.516:ERROR:process_memory_win.cc(73)] ReadMemory at 0x7ffba4800000 of 64 bytes failed: Only part of a ReadProcessMemory or WriteProcessMemory request was completed. (0x12B)
[0422/184424.516:WARNING:pe_image_reader.cc(340)] could not read dos header from C:\Windows\System32\OLEAUT32.dll
[0422/184424.516:ERROR:process_memory_win.cc(73)] ReadMemory at 0x7ffba36f0000 of 64 bytes failed: Only part of a ReadProcessMemory or WriteProcessMemory request was completed. (0x12B)
[0422/184424.516:WARNING:pe_image_reader.cc(340)] could not read dos header from C:\Windows\System32\msvcp_win.dll
[0422/184424.516:ERROR:process_memory_win.cc(73)] ReadMemory at 0x7ffba37c0000 of 64 bytes failed: Only part of a ReadProcessMemory or WriteProcessMemory request was completed. (0x12B)
[0422/184424.516:WARNING:pe_image_reader.cc(340)] could not read dos header from C:\Windows\System32\ucrtbase.dll
[0422/184424.516:ERROR:process_memory_win.cc(73)] ReadMemory at 0x7ffba49e0000 of 64 bytes failed: Only part of a ReadProcessMemory or WriteProcessMemory request was completed. (0x12B)
[0422/184424.516:WARNING:pe_image_reader.cc(340)] could not read dos header from C:\Windows\System32\combase.dll
[0422/184424.516:ERROR:process_memory_win.cc(73)] ReadMemory at 0x7ffba38c0000 of 64 bytes failed: Only part of a ReadProcessMemory or WriteProcessMemory request was completed. (0x12B)
[0422/184424.516:WARNING:pe_image_reader.cc(340)] could not read dos header from C:\Windows\System32\WINTRUST.dll
[0422/184424.516:ERROR:process_memory_win.cc(73)] ReadMemory at 0x7ffba2ea0000 of 64 bytes failed: Only part of a ReadProcessMemory or WriteProcessMemory request was completed. (0x12B)
[0422/184424.516:WARNING:pe_image_reader.cc(340)] could not read dos header from C:\Windows\System32\MSASN1.dll
[0422/184424.516:ERROR:process_memory_win.cc(73)] ReadMemory at 0x7ffba3bd0000 of 64 bytes failed: Only part of a ReadProcessMemory or WriteProcessMemory request was completed. (0x12B)
[0422/184424.516:WARNING:pe_image_reader.cc(340)] could not read dos header from C:\Windows\System32\CRYPT32.dll
[0422/184424.516:ERROR:process_memory_win.cc(73)] ReadMemory at 0x7ffba23a0000 of 64 bytes failed: Only part of a ReadProcessMemory or WriteProcessMemory request was completed. (0x12B)
[0422/184424.516:WARNING:pe_image_reader.cc(340)] could not read dos header from C:\Windows\SYSTEM32\IPHLPAPI.DLL
[0422/184424.516:ERROR:process_memory_win.cc(73)] ReadMemory at 0x7ffb9fb60000 of 64 bytes failed: Only part of a ReadProcessMemory or WriteProcessMemory request was completed. (0x12B)
[0422/184424.516:WARNING:pe_image_reader.cc(340)] could not read dos header from C:\Windows\SYSTEM32\WINMM.dll
[0422/184424.516:ERROR:process_memory_win.cc(73)] ReadMemory at 0x7ffb8e390000 of 64 bytes failed: Only part of a ReadProcessMemory or WriteProcessMemory request was completed. (0x12B)
[0422/184424.517:WARNING:pe_image_reader.cc(340)] could not read dos header from C:\Windows\SYSTEM32\Secur32.dll
[0422/184424.517:ERROR:process_memory_win.cc(73)] ReadMemory at 0x7ffba2d40000 of 64 bytes failed: Only part of a ReadProcessMemory or WriteProcessMemory request was completed. (0x12B)
[0422/184424.517:WARNING:pe_image_reader.cc(340)] could not read dos header from C:\Windows\SYSTEM32\USERENV.dll
[0422/184424.517:ERROR:process_memory_win.cc(73)] ReadMemory at 0x7ffba2ec0000 of 64 bytes failed: Only part of a ReadProcessMemory or WriteProcessMemory request was completed. (0x12B)
[0422/184424.517:WARNING:pe_image_reader.cc(340)] could not read dos header from C:\Windows\System32\profapi.dll
[0422/184424.517:ERROR:process_memory_win.cc(73)] ReadMemory at 0x7ffb84eb0000 of 64 bytes failed: Only part of a ReadProcessMemory or WriteProcessMemory request was completed. (0x12B)
[0422/184424.517:WARNING:pe_image_reader.cc(340)] could not read dos header from C:\Windows\SYSTEM32\UIAutomationCore.DLL
[0422/184424.517:ERROR:process_memory_win.cc(73)] ReadMemory at 0x7ffb8b320000 of 64 bytes failed: Only part of a ReadProcessMemory or WriteProcessMemory request was completed. (0x12B)
[0422/184424.517:WARNING:pe_image_reader.cc(340)] could not read dos header from C:\Windows\SYSTEM32\DWrite.dll
[0422/184424.517:ERROR:process_memory_win.cc(73)] ReadMemory at 0x7ffb83fe0000 of 64 bytes failed: Only part of a ReadProcessMemory or WriteProcessMemory request was completed. (0x12B)
[0422/184424.517:WARNING:pe_image_reader.cc(340)] could not read dos header from C:\Windows\SYSTEM32\WINSPOOL.DRV
[0422/184424.517:ERROR:process_memory_win.cc(73)] ReadMemory at 0x7ffba2e30000 of 64 bytes failed: Only part of a ReadProcessMemory or WriteProcessMemory request was completed. (0x12B)
[0422/184424.517:WARNING:pe_image_reader.cc(340)] could not read dos header from C:\Windows\System32\kernel.appcore.dll
[0422/184424.517:ERROR:process_memory_win.cc(73)] ReadMemory at 0x7ffba3790000 of 64 bytes failed: Only part of a ReadProcessMemory or WriteProcessMemory request was completed. (0x12B)
[0422/184424.517:WARNING:pe_image_reader.cc(340)] could not read dos header from C:\Windows\System32\bcrypt.dll
[0422/184424.517:ERROR:process_memory_win.cc(73)] ReadMemory at 0x7ffba1760000 of 64 bytes failed: Only part of a ReadProcessMemory or WriteProcessMemory request was completed. (0x12B)
[0422/184424.517:WARNING:pe_image_reader.cc(340)] could not read dos header from C:\Windows\SYSTEM32\dbghelp.dll
[0422/184424.517:ERROR:process_memory_win.cc(73)] ReadMemory at 0x7ffb97350000 of 64 bytes failed: Only part of a ReadProcessMemory or WriteProcessMemory request was completed. (0x12B)
[0422/184424.517:WARNING:pe_image_reader.cc(340)] could not read dos header from C:\Windows\SYSTEM32\WINHTTP.dll
[0422/184424.517:ERROR:process_memory_win.cc(73)] ReadMemory at 0x7ffb9b280000 of 64 bytes failed: Only part of a ReadProcessMemory or WriteProcessMemory request was completed. (0x12B)
[0422/184424.517:WARNING:pe_image_reader.cc(340)] could not read dos header from C:\Windows\SYSTEM32\dhcpcsvc.DLL
[0422/184424.517:ERROR:process_memory_win.cc(73)] ReadMemory at 0x7ffba4d20000 of 64 bytes failed: Only part of a ReadProcessMemory or WriteProcessMemory request was completed. (0x12B)
[0422/184424.517:WARNING:pe_image_reader.cc(340)] could not read dos header from C:\Windows\System32\NSI.dll
[0422/184424.517:ERROR:process_memory_win.cc(73)] ReadMemory at 0x7ffb9f570000 of 64 bytes failed: Only part of a ReadProcessMemory or WriteProcessMemory request was completed. (0x12B)
[0422/184424.517:WARNING:pe_image_reader.cc(340)] could not read dos header from C:\Windows\SYSTEM32\WINMMBASE.dll
[0422/184424.517:ERROR:process_memory_win.cc(73)] ReadMemory at 0x7ffba3fc0000 of 64 bytes failed: Only part of a ReadProcessMemory or WriteProcessMemory request was completed. (0x12B)
[0422/184424.517:WARNING:pe_image_reader.cc(340)] could not read dos header from C:\Windows\System32\cfgmgr32.dll
[0422/184424.517:ERROR:process_memory_win.cc(73)] ReadMemory at 0x7ffb9f280000 of 64 bytes failed: Only part of a ReadProcessMemory or WriteProcessMemory request was completed. (0x12B)
[0422/184424.517:WARNING:pe_image_reader.cc(340)] could not read dos header from C:\Windows\SYSTEM32\PROPSYS.dll
[0422/184424.517:ERROR:process_memory_win.cc(73)] ReadMemory at 0x7ffba4620000 of 64 bytes failed: Only part of a ReadProcessMemory or WriteProcessMemory request was completed. (0x12B)
[0422/184424.517:WARNING:pe_image_reader.cc(340)] could not read dos header from C:\Windows\System32\shcore.dll
[0422/184424.517:ERROR:process_memory_win.cc(73)] ReadMemory at 0x7ffba2d10000 of 64 bytes failed: Only part of a ReadProcessMemory or WriteProcessMemory request was completed. (0x12B)
[0422/184424.517:WARNING:pe_image_reader.cc(340)] could not read dos header from C:\Windows\SYSTEM32\SSPICLI.DLL
[0422/184424.517:ERROR:process_memory_win.cc(73)] ReadMemory at 0x7ffba50d0000 of 64 bytes failed: Only part of a ReadProcessMemory or WriteProcessMemory request was completed. (0x12B)
[0422/184424.517:WARNING:pe_image_reader.cc(340)] could not read dos header from C:\Windows\System32\SHELL32.dll
[0422/184424.517:ERROR:process_memory_win.cc(73)] ReadMemory at 0x7ffba2f70000 of 64 bytes failed: Only part of a ReadProcessMemory or WriteProcessMemory request was completed. (0x12B)
[0422/184424.517:WARNING:pe_image_reader.cc(340)] could not read dos header from C:\Windows\System32\windows.storage.dll
[0422/184424.517:ERROR:process_memory_win.cc(73)] ReadMemory at 0x7ffba2e50000 of 64 bytes failed: Only part of a ReadProcessMemory or WriteProcessMemory request was completed. (0x12B)
[0422/184424.517:WARNING:pe_image_reader.cc(340)] could not read dos header from C:\Windows\System32\powrprof.dll
[0422/184424.517:ERROR:process_memory_win.cc(73)] ReadMemory at 0x7ffba2e20000 of 64 bytes failed: Only part of a ReadProcessMemory or WriteProcessMemory request was completed. (0x12B)
[0422/184424.517:WARNING:pe_image_reader.cc(340)] could not read dos header from C:\Windows\System32\UMPDC.dll
[0422/184424.517:ERROR:process_memory_win.cc(73)] ReadMemory at 0x7ffba4ea0000 of 64 bytes failed: Only part of a ReadProcessMemory or WriteProcessMemory request was completed. (0x12B)
[0422/184424.517:WARNING:pe_image_reader.cc(340)] could not read dos header from C:\Windows\System32\shlwapi.dll
[0422/184424.517:ERROR:process_memory_win.cc(73)] ReadMemory at 0x7ffba47d0000 of 64 bytes failed: Only part of a ReadProcessMemory or WriteProcessMemory request was completed. (0x12B)
[0422/184424.517:WARNING:pe_image_reader.cc(340)] could not read dos header from C:\Windows\System32\GDI32.dll
[0422/184424.517:ERROR:process_memory_win.cc(73)] ReadMemory at 0x7ffba3d20000 of 64 bytes failed: Only part of a ReadProcessMemory or WriteProcessMemory request was completed. (0x12B)
[0422/184424.517:WARNING:pe_image_reader.cc(340)] could not read dos header from C:\Windows\System32\win32u.dll
[0422/184424.517:ERROR:process_memory_win.cc(73)] ReadMemory at 0x7ffba3e00000 of 64 bytes failed: Only part of a ReadProcessMemory or WriteProcessMemory request was completed. (0x12B)
[0422/184424.517:WARNING:pe_image_reader.cc(340)] could not read dos header from C:\Windows\System32\gdi32full.dll
[0422/184424.517:ERROR:process_memory_win.cc(73)] ReadMemory at 0x7ffba4010000 of 64 bytes failed: Only part of a ReadProcessMemory or WriteProcessMemory request was completed. (0x12B)
[0422/184424.517:WARNING:pe_image_reader.cc(340)] could not read dos header from C:\Windows\System32\USER32.dll
[0422/184424.517:ERROR:process_memory_win.cc(73)] ReadMemory at 0x7ffba3fa0000 of 64 bytes failed: Only part of a ReadProcessMemory or WriteProcessMemory request was completed. (0x12B)
[0422/184424.517:WARNING:pe_image_reader.cc(340)] could not read dos header from C:\Windows\System32\cryptsp.dll
[0422/184424.517:ERROR:process_memory_win.cc(73)] ReadMemory at 0x7ffba48e0000 of 64 bytes failed: Only part of a ReadProcessMemory or WriteProcessMemory request was completed. (0x12B)
[0422/184424.517:WARNING:pe_image_reader.cc(340)] could not read dos header from C:\Windows\System32\IMM32.DLL
[0422/184424.517:ERROR:process_memory_win.cc(73)] ReadMemory at 0x7ffba2860000 of 64 bytes failed: Only part of a ReadProcessMemory or WriteProcessMemory request was completed. (0x12B)
[0422/184424.517:WARNING:pe_image_reader.cc(340)] could not read dos header from C:\Windows\SYSTEM32\CRYPTBASE.DLL
[0422/184424.522:ERROR:process_memory_win.cc(73)] ReadMemory at 0x7ff61ea90000 of 64 bytes failed: Only part of a ReadProcessMemory or WriteProcessMemory request was completed. (0x12B)
[0422/184424.522:WARNING:pe_image_reader.cc(340)] could not read dos header from C:\Program Files (x86)\Google\Chrome\Application\chrome.exe
[0422/184424.522:ERROR:process_memory_win.cc(73)] ReadMemory at 0x7ffba5f60000 of 64 bytes failed: Only part of a ReadProcessMemory or WriteProcessMemory request was completed. (0x12B)
[0422/184424.522:WARNING:pe_image_reader.cc(340)] could not read dos header from C:\Windows\SYSTEM32\ntdll.dll
[0422/184424.522:ERROR:process_memory_win.cc(73)] ReadMemory at 0x7ffba4d30000 of 64 bytes failed: Only part of a ReadProcessMemory or WriteProcessMemory request was completed. (0x12B)
[0422/184424.522:WARNING:pe_image_reader.cc(340)] could not read dos header from C:\Windows\System32\KERNEL32.DLL
[0422/184424.522:ERROR:process_memory_win.cc(73)] ReadMemory at 0x7ffba3920000 of 64 bytes failed: Only part of a ReadProcessMemory or WriteProcessMemory request was completed. (0x12B)
[0422/184424.522:WARNING:pe_image_reader.cc(340)] could not read dos header from C:\Windows\System32\KERNELBASE.dll
[0422/184424.522:ERROR:process_memory_win.cc(73)] ReadMemory at 0x7ffb68d00000 of 64 bytes failed: Only part of a ReadProcessMemory or WriteProcessMemory request was completed. (0x12B)
[0422/184424.522:WARNING:pe_image_reader.cc(340)] could not read dos header from C:\Program Files (x86)\Google\Chrome\Application\81.0.4044.113\chrome_elf.dll
[0422/184424.522:ERROR:process_memory_win.cc(73)] ReadMemory at 0x7ffb9cef0000 of 64 bytes failed: Only part of a ReadProcessMemory or WriteProcessMemory request was completed. (0x12B)
[0422/184424.522:WARNING:pe_image_reader.cc(340)] could not read dos header from C:\Windows\SYSTEM32\VERSION.dll
[0422/184424.522:ERROR:process_memory_win.cc(73)] ReadMemory at 0x7ffba4730000 of 64 bytes failed: Only part of a ReadProcessMemory or WriteProcessMemory request was completed. (0x12B)
[0422/184424.522:WARNING:pe_image_reader.cc(340)] could not read dos header from C:\Windows\System32\msvcrt.dll
[0422/184424.522:ERROR:process_memory_win.cc(73)] ReadMemory at 0x7ffba2ef0000 of 64 bytes failed: Only part of a ReadProcessMemory or WriteProcessMemory request was completed. (0x12B)
[0422/184424.522:WARNING:pe_image_reader.cc(340)] could not read dos header from C:\Windows\System32\bcryptPrimitives.dll
[0422/184424.522:ERROR:process_memory_win.cc(73)] ReadMemory at 0x128ed2e0000 of 64 bytes failed: Only part of a ReadProcessMemory or WriteProcessMemory request was completed. (0x12B)
[0422/184424.522:WARNING:pe_image_reader.cc(340)] could not read dos header from C:\Windows\System32\ADVAPI32.dll
[0422/184424.522:ERROR:process_memory_win.cc(73)] ReadMemory at 0x7ffba57c0000 of 64 bytes failed: Only part of a ReadProcessMemory or WriteProcessMemory request was completed. (0x12B)
[0422/184424.522:WARNING:pe_image_reader.cc(340)] could not read dos header from C:\Windows\System32\sechost.dll
[0422/184424.522:ERROR:process_memory_win.cc(73)] ReadMemory at 0x7ffba5ad0000 of 64 bytes failed: Only part of a ReadProcessMemory or WriteProcessMemory request was completed. (0x12B)
[0422/184424.522:WARNING:pe_image_reader.cc(340)] could not read dos header from C:\Windows\System32\RPCRT4.dll
[0422/184424.522:ERROR:process_memory_win.cc(73)] ReadMemory at 0x7ffb4da40000 of 64 bytes failed: Only part of a ReadProcessMemory or WriteProcessMemory request was completed. (0x12B)
[0422/184424.522:WARNING:pe_image_reader.cc(340)] could not read dos header from C:\Program Files (x86)\Google\Chrome\Application\81.0.4044.113\chrome.dll
[0422/184424.522:ERROR:process_memory_win.cc(73)] ReadMemory at 0x7ffba5eb0000 of 64 bytes failed: Only part of a ReadProcessMemory or WriteProcessMemory request was completed. (0x12B)
[0422/184424.522:WARNING:pe_image_reader.cc(340)] could not read dos header from C:\Windows\System32\WS2_32.dll
[0422/184424.522:ERROR:process_memory_win.cc(73)] ReadMemory at 0x7ffba4800000 of 64 bytes failed: Only part of a ReadProcessMemory or WriteProcessMemory request was completed. (0x12B)
[0422/184424.522:WARNING:pe_image_reader.cc(340)] could not read dos header from C:\Windows\System32\OLEAUT32.dll
[0422/184424.522:ERROR:process_memory_win.cc(73)] ReadMemory at 0x7ffba36f0000 of 64 bytes failed: Only part of a ReadProcessMemory or WriteProcessMemory request was completed. (0x12B)
[0422/184424.522:WARNING:pe_image_reader.cc(340)] could not read dos header from C:\Windows\System32\msvcp_win.dll
[0422/184424.522:ERROR:process_memory_win.cc(73)] ReadMemory at 0x7ffba37c0000 of 64 bytes failed: Only part of a ReadProcessMemory or WriteProcessMemory request was completed. (0x12B)
[0422/184424.522:WARNING:pe_image_reader.cc(340)] could not read dos header from C:\Windows\System32\ucrtbase.dll
[0422/184424.522:ERROR:process_memory_win.cc(73)] ReadMemory at 0x7ffba49e0000 of 64 bytes failed: Only part of a ReadProcessMemory or WriteProcessMemory request was completed. (0x12B)
[0422/184424.522:WARNING:pe_image_reader.cc(340)] could not read dos header from C:\Windows\System32\combase.dll
[0422/184424.522:ERROR:process_memory_win.cc(73)] ReadMemory at 0x7ffba38c0000 of 64 bytes failed: Only part of a ReadProcessMemory or WriteProcessMemory request was completed. (0x12B)
[0422/184424.523:WARNING:pe_image_reader.cc(340)] could not read dos header from C:\Windows\System32\WINTRUST.dll
[0422/184424.523:ERROR:process_memory_win.cc(73)] ReadMemory at 0x7ffba2ea0000 of 64 bytes failed: Only part of a ReadProcessMemory or WriteProcessMemory request was completed. (0x12B)
[0422/184424.523:WARNING:pe_image_reader.cc(340)] could not read dos header from C:\Windows\System32\MSASN1.dll
[0422/184424.523:ERROR:process_memory_win.cc(73)] ReadMemory at 0x7ffba3bd0000 of 64 bytes failed: Only part of a ReadProcessMemory or WriteProcessMemory request was completed. (0x12B)
[0422/184424.523:WARNING:pe_image_reader.cc(340)] could not read dos header from C:\Windows\System32\CRYPT32.dll
[0422/184424.523:ERROR:process_memory_win.cc(73)] ReadMemory at 0x7ffba23a0000 of 64 bytes failed: Only part of a ReadProcessMemory or WriteProcessMemory request was completed. (0x12B)
[0422/184424.523:WARNING:pe_image_reader.cc(340)] could not read dos header from C:\Windows\SYSTEM32\IPHLPAPI.DLL
[0422/184424.523:ERROR:process_memory_win.cc(73)] ReadMemory at 0x7ffb9fb60000 of 64 bytes failed: Only part of a ReadProcessMemory or WriteProcessMemory request was completed. (0x12B)
[0422/184424.523:WARNING:pe_image_reader.cc(340)] could not read dos header from C:\Windows\SYSTEM32\WINMM.dll
[0422/184424.523:ERROR:process_memory_win.cc(73)] ReadMemory at 0x7ffb8e390000 of 64 bytes failed: Only part of a ReadProcessMemory or WriteProcessMemory request was completed. (0x12B)
[0422/184424.523:WARNING:pe_image_reader.cc(340)] could not read dos header from C:\Windows\SYSTEM32\Secur32.dll
[0422/184424.523:ERROR:process_memory_win.cc(73)] ReadMemory at 0x7ffba2d40000 of 64 bytes failed: Only part of a ReadProcessMemory or WriteProcessMemory request was completed. (0x12B)
[0422/184424.523:WARNING:pe_image_reader.cc(340)] could not read dos header from C:\Windows\SYSTEM32\USERENV.dll
[0422/184424.523:ERROR:process_memory_win.cc(73)] ReadMemory at 0x7ffba2ec0000 of 64 bytes failed: Only part of a ReadProcessMemory or WriteProcessMemory request was completed. (0x12B)
[0422/184424.523:WARNING:pe_image_reader.cc(340)] could not read dos header from C:\Windows\System32\profapi.dll
[0422/184424.523:ERROR:process_memory_win.cc(73)] ReadMemory at 0x7ffb84eb0000 of 64 bytes failed: Only part of a ReadProcessMemory or WriteProcessMemory request was completed. (0x12B)
[0422/184424.523:WARNING:pe_image_reader.cc(340)] could not read dos header from C:\Windows\SYSTEM32\UIAutomationCore.DLL
[0422/184424.523:ERROR:process_memory_win.cc(73)] ReadMemory at 0x7ffb8b320000 of 64 bytes failed: Only part of a ReadProcessMemory or WriteProcessMemory request was completed. (0x12B)
[0422/184424.523:WARNING:pe_image_reader.cc(340)] could not read dos header from C:\Windows\SYSTEM32\DWrite.dll
[0422/184424.523:ERROR:process_memory_win.cc(73)] ReadMemory at 0x7ffb83fe0000 of 64 bytes failed: Only part of a ReadProcessMemory or WriteProcessMemory request was completed. (0x12B)
[0422/184424.523:WARNING:pe_image_reader.cc(340)] could not read dos header from C:\Windows\SYSTEM32\WINSPOOL.DRV
[0422/184424.523:ERROR:process_memory_win.cc(73)] ReadMemory at 0x7ffba2e30000 of 64 bytes failed: Only part of a ReadProcessMemory or WriteProcessMemory request was completed. (0x12B)
[0422/184424.523:WARNING:pe_image_reader.cc(340)] could not read dos header from C:\Windows\System32\kernel.appcore.dll
[0422/184424.523:ERROR:process_memory_win.cc(73)] ReadMemory at 0x7ffba3790000 of 64 bytes failed: Only part of a ReadProcessMemory or WriteProcessMemory request was completed. (0x12B)
[0422/184424.523:WARNING:pe_image_reader.cc(340)] could not read dos header from C:\Windows\System32\bcrypt.dll
[0422/184424.523:ERROR:process_memory_win.cc(73)] ReadMemory at 0x7ffba1760000 of 64 bytes failed: Only part of a ReadProcessMemory or WriteProcessMemory request was completed. (0x12B)
[0422/184424.523:WARNING:pe_image_reader.cc(340)] could not read dos header from C:\Windows\SYSTEM32\dbghelp.dll
[0422/184424.523:ERROR:process_memory_win.cc(73)] ReadMemory at 0x7ffb97350000 of 64 bytes failed: Only part of a ReadProcessMemory or WriteProcessMemory request was completed. (0x12B)
[0422/184424.523:WARNING:pe_image_reader.cc(340)] could not read dos header from C:\Windows\SYSTEM32\WINHTTP.dll
[0422/184424.523:ERROR:process_memory_win.cc(73)] ReadMemory at 0x7ffb9b280000 of 64 bytes failed: Only part of a ReadProcessMemory or WriteProcessMemory request was completed. (0x12B)
[0422/184424.523:WARNING:pe_image_reader.cc(340)] could not read dos header from C:\Windows\SYSTEM32\dhcpcsvc.DLL
[0422/184424.523:ERROR:process_memory_win.cc(73)] ReadMemory at 0x7ffba4d20000 of 64 bytes failed: Only part of a ReadProcessMemory or WriteProcessMemory request was completed. (0x12B)
[0422/184424.523:WARNING:pe_image_reader.cc(340)] could not read dos header from C:\Windows\System32\NSI.dll
[0422/184424.523:ERROR:process_memory_win.cc(73)] ReadMemory at 0x7ffb9f570000 of 64 bytes failed: Only part of a ReadProcessMemory or WriteProcessMemory request was completed. (0x12B)
[0422/184424.523:WARNING:pe_image_reader.cc(340)] could not read dos header from C:\Windows\SYSTEM32\WINMMBASE.dll
[0422/184424.523:ERROR:process_memory_win.cc(73)] ReadMemory at 0x7ffba3fc0000 of 64 bytes failed: Only part of a ReadProcessMemory or WriteProcessMemory request was completed. (0x12B)
[0422/184424.523:WARNING:pe_image_reader.cc(340)] could not read dos header from C:\Windows\System32\cfgmgr32.dll
[0422/184424.523:ERROR:process_memory_win.cc(73)] ReadMemory at 0x7ffb9f280000 of 64 bytes failed: Only part of a ReadProcessMemory or WriteProcessMemory request was completed. (0x12B)
[0422/184424.523:WARNING:pe_image_reader.cc(340)] could not read dos header from C:\Windows\SYSTEM32\PROPSYS.dll
[0422/184424.523:ERROR:process_memory_win.cc(73)] ReadMemory at 0x7ffba4620000 of 64 bytes failed: Only part of a ReadProcessMemory or WriteProcessMemory request was completed. (0x12B)
[0422/184424.523:WARNING:pe_image_reader.cc(340)] could not read dos header from C:\Windows\System32\shcore.dll
[0422/184424.523:ERROR:process_memory_win.cc(73)] ReadMemory at 0x7ffba2d10000 of 64 bytes failed: Only part of a ReadProcessMemory or WriteProcessMemory request was completed. (0x12B)
[0422/184424.523:WARNING:pe_image_reader.cc(340)] could not read dos header from C:\Windows\SYSTEM32\SSPICLI.DLL
[0422/184424.523:ERROR:process_memory_win.cc(73)] ReadMemory at 0x7ffba50d0000 of 64 bytes failed: Only part of a ReadProcessMemory or WriteProcessMemory request was completed. (0x12B)
[0422/184424.523:WARNING:pe_image_reader.cc(340)] could not read dos header from C:\Windows\System32\SHELL32.dll
[0422/184424.523:ERROR:process_memory_win.cc(73)] ReadMemory at 0x7ffba2f70000 of 64 bytes failed: Only part of a ReadProcessMemory or WriteProcessMemory request was completed. (0x12B)
[0422/184424.523:WARNING:pe_image_reader.cc(340)] could not read dos header from C:\Windows\System32\windows.storage.dll
[0422/184424.523:ERROR:process_memory_win.cc(73)] ReadMemory at 0x7ffba2e50000 of 64 bytes failed: Only part of a ReadProcessMemory or WriteProcessMemory request was completed. (0x12B)
[0422/184424.523:WARNING:pe_image_reader.cc(340)] could not read dos header from C:\Windows\System32\powrprof.dll
[0422/184424.523:ERROR:process_memory_win.cc(73)] ReadMemory at 0x7ffba2e20000 of 64 bytes failed: Only part of a ReadProcessMemory or WriteProcessMemory request was completed. (0x12B)
[0422/184424.523:WARNING:pe_image_reader.cc(340)] could not read dos header from C:\Windows\System32\UMPDC.dll
[0422/184424.523:ERROR:process_memory_win.cc(73)] ReadMemory at 0x7ffba4ea0000 of 64 bytes failed: Only part of a ReadProcessMemory or WriteProcessMemory request was completed. (0x12B)
[0422/184424.523:WARNING:pe_image_reader.cc(340)] could not read dos header from C:\Windows\System32\shlwapi.dll
[0422/184424.523:ERROR:process_memory_win.cc(73)] ReadMemory at 0x7ffba47d0000 of 64 bytes failed: Only part of a ReadProcessMemory or WriteProcessMemory request was completed. (0x12B)
[0422/184424.523:WARNING:pe_image_reader.cc(340)] could not read dos header from C:\Windows\System32\GDI32.dll
[0422/184424.523:ERROR:process_memory_win.cc(73)] ReadMemory at 0x7ffba3d20000 of 64 bytes failed: Only part of a ReadProcessMemory or WriteProcessMemory request was completed. (0x12B)
[0422/184424.523:WARNING:pe_image_reader.cc(340)] could not read dos header from C:\Windows\System32\win32u.dll
[0422/184424.523:ERROR:process_memory_win.cc(73)] ReadMemory at 0x7ffba3e00000 of 64 bytes failed: Only part of a ReadProcessMemory or WriteProcessMemory request was completed. (0x12B)
[0422/184424.523:WARNING:pe_image_reader.cc(340)] could not read dos header from C:\Windows\System32\gdi32full.dll
[0422/184424.523:ERROR:process_memory_win.cc(73)] ReadMemory at 0x7ffba4010000 of 64 bytes failed: Only part of a ReadProcessMemory or WriteProcessMemory request was completed. (0x12B)
[0422/184424.523:WARNING:pe_image_reader.cc(340)] could not read dos header from C:\Windows\System32\USER32.dll
[0422/184424.524:ERROR:process_memory_win.cc(73)] ReadMemory at 0x7ffba3fa0000 of 64 bytes failed: Only part of a ReadProcessMemory or WriteProcessMemory request was completed. (0x12B)
[0422/184424.524:WARNING:pe_image_reader.cc(340)] could not read dos header from C:\Windows\System32\cryptsp.dll
[0422/184424.524:ERROR:process_memory_win.cc(73)] ReadMemory at 0x7ffba48e0000 of 64 bytes failed: Only part of a ReadProcessMemory or WriteProcessMemory request was completed. (0x12B)
[0422/184424.524:WARNING:pe_image_reader.cc(340)] could not read dos header from C:\Windows\System32\IMM32.DLL
[0422/184424.524:ERROR:process_memory_win.cc(73)] ReadMemory at 0x7ffba2860000 of 64 bytes failed: Only part of a ReadProcessMemory or WriteProcessMemory request was completed. (0x12B)
[0422/184424.524:WARNING:pe_image_reader.cc(340)] could not read dos header from C:\Windows\SYSTEM32\CRYPTBASE.DLL
[0422/184424.524:ERROR:process_memory_win.cc(73)] ReadMemory at 0x7ff61ea90000 of 64 bytes failed: Only part of a ReadProcessMemory or WriteProcessMemory request was completed. (0x12B)
[0422/184424.524:WARNING:pe_image_reader.cc(340)] could not read dos header from C:\Program Files (x86)\Google\Chrome\Application\chrome.exe
[0422/184424.524:ERROR:process_memory_win.cc(73)] ReadMemory at 0x7ffba5f60000 of 64 bytes failed: Only part of a ReadProcessMemory or WriteProcessMemory request was completed. (0x12B)
[0422/184424.524:WARNING:pe_image_reader.cc(340)] could not read dos header from C:\Windows\SYSTEM32\ntdll.dll
[0422/184424.524:ERROR:process_memory_win.cc(73)] ReadMemory at 0x7ffba4d30000 of 64 bytes failed: Only part of a ReadProcessMemory or WriteProcessMemory request was completed. (0x12B)
[0422/184424.524:WARNING:pe_image_reader.cc(340)] could not read dos header from C:\Windows\System32\KERNEL32.DLL
[0422/184424.524:ERROR:process_memory_win.cc(73)] ReadMemory at 0x7ffba3920000 of 64 bytes failed: Only part of a ReadProcessMemory or WriteProcessMemory request was completed. (0x12B)
[0422/184424.524:WARNING:pe_image_reader.cc(340)] could not read dos header from C:\Windows\System32\KERNELBASE.dll
[0422/184424.524:ERROR:process_memory_win.cc(73)] ReadMemory at 0x7ffb68d00000 of 64 bytes failed: Only part of a ReadProcessMemory or WriteProcessMemory request was completed. (0x12B)
[0422/184424.524:WARNING:pe_image_reader.cc(340)] could not read dos header from C:\Program Files (x86)\Google\Chrome\Application\81.0.4044.113\chrome_elf.dll
[0422/184424.524:ERROR:process_memory_win.cc(73)] ReadMemory at 0x7ffb9cef0000 of 64 bytes failed: Only part of a ReadProcessMemory or WriteProcessMemory request was completed. (0x12B)
[0422/184424.524:WARNING:pe_image_reader.cc(340)] could not read dos header from C:\Windows\SYSTEM32\VERSION.dll
[0422/184424.524:ERROR:process_memory_win.cc(73)] ReadMemory at 0x7ffba4730000 of 64 bytes failed: Only part of a ReadProcessMemory or WriteProcessMemory request was completed. (0x12B)
[0422/184424.524:WARNING:pe_image_reader.cc(340)] could not read dos header from C:\Windows\System32\msvcrt.dll
[0422/184424.524:ERROR:process_memory_win.cc(73)] ReadMemory at 0x7ffba2ef0000 of 64 bytes failed: Only part of a ReadProcessMemory or WriteProcessMemory request was completed. (0x12B)
[0422/184424.524:WARNING:pe_image_reader.cc(340)] could not read dos header from C:\Windows\System32\bcryptPrimitives.dll
[0422/184424.524:ERROR:process_memory_win.cc(73)] ReadMemory at 0x128ed2e0000 of 64 bytes failed: Only part of a ReadProcessMemory or WriteProcessMemory request was completed. (0x12B)
[0422/184424.524:WARNING:pe_image_reader.cc(340)] could not read dos header from C:\Windows\System32\ADVAPI32.dll
[0422/184424.524:ERROR:process_memory_win.cc(73)] ReadMemory at 0x7ffba57c0000 of 64 bytes failed: Only part of a ReadProcessMemory or WriteProcessMemory request was completed. (0x12B)
[0422/184424.524:WARNING:pe_image_reader.cc(340)] could not read dos header from C:\Windows\System32\sechost.dll
[0422/184424.524:ERROR:process_memory_win.cc(73)] ReadMemory at 0x7ffba5ad0000 of 64 bytes failed: Only part of a ReadProcessMemory or WriteProcessMemory request was completed. (0x12B)
[0422/184424.524:WARNING:pe_image_reader.cc(340)] could not read dos header from C:\Windows\System32\RPCRT4.dll
[0422/184424.524:ERROR:process_memory_win.cc(73)] ReadMemory at 0x7ffb4da40000 of 64 bytes failed: Only part of a ReadProcessMemory or WriteProcessMemory request was completed. (0x12B)
[0422/184424.524:WARNING:pe_image_reader.cc(340)] could not read dos header from C:\Program Files (x86)\Google\Chrome\Application\81.0.4044.113\chrome.dll
[0422/184424.524:ERROR:process_memory_win.cc(73)] ReadMemory at 0x7ffba5eb0000 of 64 bytes failed: Only part of a ReadProcessMemory or WriteProcessMemory request was completed. (0x12B)
[0422/184424.524:WARNING:pe_image_reader.cc(340)] could not read dos header from C:\Windows\System32\WS2_32.dll
[0422/184424.524:ERROR:process_memory_win.cc(73)] ReadMemory at 0x7ffba4800000 of 64 bytes failed: Only part of a ReadProcessMemory or WriteProcessMemory request was completed. (0x12B)
[0422/184424.524:WARNING:pe_image_reader.cc(340)] could not read dos header from C:\Windows\System32\OLEAUT32.dll
[0422/184424.524:ERROR:process_memory_win.cc(73)] ReadMemory at 0x7ffba36f0000 of 64 bytes failed: Only part of a ReadProcessMemory or WriteProcessMemory request was completed. (0x12B)
[0422/184424.524:WARNING:pe_image_reader.cc(340)] could not read dos header from C:\Windows\System32\msvcp_win.dll
[0422/184424.524:ERROR:process_memory_win.cc(73)] ReadMemory at 0x7ffba37c0000 of 64 bytes failed: Only part of a ReadProcessMemory or WriteProcessMemory request was completed. (0x12B)
[0422/184424.524:WARNING:pe_image_reader.cc(340)] could not read dos header from C:\Windows\System32\ucrtbase.dll
[0422/184424.524:ERROR:process_memory_win.cc(73)] ReadMemory at 0x7ffba49e0000 of 64 bytes failed: Only part of a ReadProcessMemory or WriteProcessMemory request was completed. (0x12B)
[0422/184424.524:WARNING:pe_image_reader.cc(340)] could not read dos header from C:\Windows\System32\combase.dll
[0422/184424.524:ERROR:process_memory_win.cc(73)] ReadMemory at 0x7ffba38c0000 of 64 bytes failed: Only part of a ReadProcessMemory or WriteProcessMemory request was completed. (0x12B)
[0422/184424.524:WARNING:pe_image_reader.cc(340)] could not read dos header from C:\Windows\System32\WINTRUST.dll
[0422/184424.524:ERROR:process_memory_win.cc(73)] ReadMemory at 0x7ffba2ea0000 of 64 bytes failed: Only part of a ReadProcessMemory or WriteProcessMemory request was completed. (0x12B)
[0422/184424.524:WARNING:pe_image_reader.cc(340)] could not read dos header from C:\Windows\System32\MSASN1.dll
[0422/184424.524:ERROR:process_memory_win.cc(73)] ReadMemory at 0x7ffba3bd0000 of 64 bytes failed: Only part of a ReadProcessMemory or WriteProcessMemory request was completed. (0x12B)
[0422/184424.524:WARNING:pe_image_reader.cc(340)] could not read dos header from C:\Windows\System32\CRYPT32.dll
[0422/184424.524:ERROR:process_memory_win.cc(73)] ReadMemory at 0x7ffba23a0000 of 64 bytes failed: Only part of a ReadProcessMemory or WriteProcessMemory request was completed. (0x12B)
[0422/184424.524:WARNING:pe_image_reader.cc(340)] could not read dos header from C:\Windows\SYSTEM32\IPHLPAPI.DLL
[0422/184424.525:ERROR:process_memory_win.cc(73)] ReadMemory at 0x7ffb9fb60000 of 64 bytes failed: Only part of a ReadProcessMemory or WriteProcessMemory request was completed. (0x12B)
[0422/184424.525:WARNING:pe_image_reader.cc(340)] could not read dos header from C:\Windows\SYSTEM32\WINMM.dll
[0422/184424.525:ERROR:process_memory_win.cc(73)] ReadMemory at 0x7ffb8e390000 of 64 bytes failed: Only part of a ReadProcessMemory or WriteProcessMemory request was completed. (0x12B)
[0422/184424.525:WARNING:pe_image_reader.cc(340)] could not read dos header from C:\Windows\SYSTEM32\Secur32.dll
[0422/184424.525:ERROR:process_memory_win.cc(73)] ReadMemory at 0x7ffba2d40000 of 64 bytes failed: Only part of a ReadProcessMemory or WriteProcessMemory request was completed. (0x12B)
[0422/184424.525:WARNING:pe_image_reader.cc(340)] could not read dos header from C:\Windows\SYSTEM32\USERENV.dll
[0422/184424.525:ERROR:process_memory_win.cc(73)] ReadMemory at 0x7ffba2ec0000 of 64 bytes failed: Only part of a ReadProcessMemory or WriteProcessMemory request was completed. (0x12B)
[0422/184424.525:WARNING:pe_image_reader.cc(340)] could not read dos header from C:\Windows\System32\profapi.dll
[0422/184424.525:ERROR:process_memory_win.cc(73)] ReadMemory at 0x7ffb84eb0000 of 64 bytes failed: Only part of a ReadProcessMemory or WriteProcessMemory request was completed. (0x12B)
[0422/184424.525:WARNING:pe_image_reader.cc(340)] could not read dos header from C:\Windows\SYSTEM32\UIAutomationCore.DLL
[0422/184424.525:ERROR:process_memory_win.cc(73)] ReadMemory at 0x7ffb8b320000 of 64 bytes failed: Only part of a ReadProcessMemory or WriteProcessMemory request was completed. (0x12B)
[0422/184424.525:WARNING:pe_image_reader.cc(340)] could not read dos header from C:\Windows\SYSTEM32\DWrite.dll
[0422/184424.525:ERROR:process_memory_win.cc(73)] ReadMemory at 0x7ffb83fe0000 of 64 bytes failed: Only part of a ReadProcessMemory or WriteProcessMemory request was completed. (0x12B)
[0422/184424.525:WARNING:pe_image_reader.cc(340)] could not read dos header from C:\Windows\SYSTEM32\WINSPOOL.DRV
[0422/184424.525:ERROR:process_memory_win.cc(73)] ReadMemory at 0x7ffba2e30000 of 64 bytes failed: Only part of a ReadProcessMemory or WriteProcessMemory request was completed. (0x12B)
[0422/184424.525:WARNING:pe_image_reader.cc(340)] could not read dos header from C:\Windows\System32\kernel.appcore.dll
[0422/184424.525:ERROR:process_memory_win.cc(73)] ReadMemory at 0x7ffba3790000 of 64 bytes failed: Only part of a ReadProcessMemory or WriteProcessMemory request was completed. (0x12B)
[0422/184424.525:WARNING:pe_image_reader.cc(340)] could not read dos header from C:\Windows\System32\bcrypt.dll
[0422/184424.525:ERROR:process_memory_win.cc(73)] ReadMemory at 0x7ffba1760000 of 64 bytes failed: Only part of a ReadProcessMemory or WriteProcessMemory request was completed. (0x12B)
[0422/184424.525:WARNING:pe_image_reader.cc(340)] could not read dos header from C:\Windows\SYSTEM32\dbghelp.dll
[0422/184424.525:ERROR:process_memory_win.cc(73)] ReadMemory at 0x7ffb97350000 of 64 bytes failed: Only part of a ReadProcessMemory or WriteProcessMemory request was completed. (0x12B)
[0422/184424.525:WARNING:pe_image_reader.cc(340)] could not read dos header from C:\Windows\SYSTEM32\WINHTTP.dll
[0422/184424.525:ERROR:process_memory_win.cc(73)] ReadMemory at 0x7ffb9b280000 of 64 bytes failed: Only part of a ReadProcessMemory or WriteProcessMemory request was completed. (0x12B)
[0422/184424.525:WARNING:pe_image_reader.cc(340)] could not read dos header from C:\Windows\SYSTEM32\dhcpcsvc.DLL
[0422/184424.525:ERROR:process_memory_win.cc(73)] ReadMemory at 0x7ffba4d20000 of 64 bytes failed: Only part of a ReadProcessMemory or WriteProcessMemory request was completed. (0x12B)
[0422/184424.525:WARNING:pe_image_reader.cc(340)] could not read dos header from C:\Windows\System32\NSI.dll
[0422/184424.525:ERROR:process_memory_win.cc(73)] ReadMemory at 0x7ffb9f570000 of 64 bytes failed: Only part of a ReadProcessMemory or WriteProcessMemory request was completed. (0x12B)
[0422/184424.525:WARNING:pe_image_reader.cc(340)] could not read dos header from C:\Windows\SYSTEM32\WINMMBASE.dll
[0422/184424.525:ERROR:process_memory_win.cc(73)] ReadMemory at 0x7ffba3fc0000 of 64 bytes failed: Only part of a ReadProcessMemory or WriteProcessMemory request was completed. (0x12B)
[0422/184424.525:WARNING:pe_image_reader.cc(340)] could not read dos header from C:\Windows\System32\cfgmgr32.dll
[0422/184424.525:ERROR:process_memory_win.cc(73)] ReadMemory at 0x7ffb9f280000 of 64 bytes failed: Only part of a ReadProcessMemory or WriteProcessMemory request was completed. (0x12B)
[0422/184424.525:WARNING:pe_image_reader.cc(340)] could not read dos header from C:\Windows\SYSTEM32\PROPSYS.dll
[0422/184424.525:ERROR:process_memory_win.cc(73)] ReadMemory at 0x7ffba4620000 of 64 bytes failed: Only part of a ReadProcessMemory or WriteProcessMemory request was completed. (0x12B)
[0422/184424.525:WARNING:pe_image_reader.cc(340)] could not read dos header from C:\Windows\System32\shcore.dll
[0422/184424.525:ERROR:process_memory_win.cc(73)] ReadMemory at 0x7ffba2d10000 of 64 bytes failed: Only part of a ReadProcessMemory or WriteProcessMemory request was completed. (0x12B)
[0422/184424.525:WARNING:pe_image_reader.cc(340)] could not read dos header from C:\Windows\SYSTEM32\SSPICLI.DLL
[0422/184424.525:ERROR:process_memory_win.cc(73)] ReadMemory at 0x7ffba50d0000 of 64 bytes failed: Only part of a ReadProcessMemory or WriteProcessMemory request was completed. (0x12B)
[0422/184424.525:WARNING:pe_image_reader.cc(340)] could not read dos header from C:\Windows\System32\SHELL32.dll
[0422/184424.525:ERROR:process_memory_win.cc(73)] ReadMemory at 0x7ffba2f70000 of 64 bytes failed: Only part of a ReadProcessMemory or WriteProcessMemory request was completed. (0x12B)
[0422/184424.525:WARNING:pe_image_reader.cc(340)] could not read dos header from C:\Windows\System32\windows.storage.dll
[0422/184424.525:ERROR:process_memory_win.cc(73)] ReadMemory at 0x7ffba2e50000 of 64 bytes failed: Only part of a ReadProcessMemory or WriteProcessMemory request was completed. (0x12B)
[0422/184424.525:WARNING:pe_image_reader.cc(340)] could not read dos header from C:\Windows\System32\powrprof.dll
[0422/184424.525:ERROR:process_memory_win.cc(73)] ReadMemory at 0x7ffba2e20000 of 64 bytes failed: Only part of a ReadProcessMemory or WriteProcessMemory request was completed. (0x12B)
[0422/184424.525:WARNING:pe_image_reader.cc(340)] could not read dos header from C:\Windows\System32\UMPDC.dll
[0422/184424.525:ERROR:process_memory_win.cc(73)] ReadMemory at 0x7ffba4ea0000 of 64 bytes failed: Only part of a ReadProcessMemory or WriteProcessMemory request was completed. (0x12B)
[0422/184424.525:WARNING:pe_image_reader.cc(340)] could not read dos header from C:\Windows\System32\shlwapi.dll
[0422/184424.525:ERROR:process_memory_win.cc(73)] ReadMemory at 0x7ffba47d0000 of 64 bytes failed: Only part of a ReadProcessMemory or WriteProcessMemory request was completed. (0x12B)
[0422/184424.525:WARNING:pe_image_reader.cc(340)] could not read dos header from C:\Windows\System32\GDI32.dll
[0422/184424.525:ERROR:process_memory_win.cc(73)] ReadMemory at 0x7ffba3d20000 of 64 bytes failed: Only part of a ReadProcessMemory or WriteProcessMemory request was completed. (0x12B)
[0422/184424.525:WARNING:pe_image_reader.cc(340)] could not read dos header from C:\Windows\System32\win32u.dll
[0422/184424.525:ERROR:process_memory_win.cc(73)] ReadMemory at 0x7ffba3e00000 of 64 bytes failed: Only part of a ReadProcessMemory or WriteProcessMemory request was completed. (0x12B)
[0422/184424.525:WARNING:pe_image_reader.cc(340)] could not read dos header from C:\Windows\System32\gdi32full.dll
[0422/184424.525:ERROR:process_memory_win.cc(73)] ReadMemory at 0x7ffba4010000 of 64 bytes failed: Only part of a ReadProcessMemory or WriteProcessMemory request was completed. (0x12B)
[0422/184424.525:WARNING:pe_image_reader.cc(340)] could not read dos header from C:\Windows\System32\USER32.dll
[0422/184424.525:ERROR:process_memory_win.cc(73)] ReadMemory at 0x7ffba3fa0000 of 64 bytes failed: Only part of a ReadProcessMemory or WriteProcessMemory request was completed. (0x12B)
[0422/184424.525:WARNING:pe_image_reader.cc(340)] could not read dos header from C:\Windows\System32\cryptsp.dll
[0422/184424.525:ERROR:process_memory_win.cc(73)] ReadMemory at 0x7ffba48e0000 of 64 bytes failed: Only part of a ReadProcessMemory or WriteProcessMemory request was completed. (0x12B)
[0422/184424.525:WARNING:pe_image_reader.cc(340)] could not read dos header from C:\Windows\System32\IMM32.DLL
[0422/184424.525:ERROR:process_memory_win.cc(73)] ReadMemory at 0x7ffba2860000 of 64 bytes failed: Only part of a ReadProcessMemory or WriteProcessMemory request was completed. (0x12B)
[0422/184424.525:WARNING:pe_image_reader.cc(340)] could not read dos header from C:\Windows\SYSTEM32\CRYPTBASE.DLL
[0422/184424.532:ERROR:process_memory_win.cc(73)] ReadMemory at 0x25d99e8000 of 98304 bytes failed: Only part of a ReadProcessMemory or WriteProcessMemory request was completed. (0x12B)
[0422/184424.532:ERROR:process_memory_win.cc(73)] ReadMemory at 0x25da1fd000 of 12288 bytes failed: Only part of a ReadProcessMemory or WriteProcessMemory request was completed. (0x12B)
[0422/184424.532:ERROR:process_memory_win.cc(73)] ReadMemory at 0x25db1fd000 of 12288 bytes failed: Only part of a ReadProcessMemory or WriteProcessMemory request was completed. (0x12B)
[0422/184424.532:ERROR:process_memory_win.cc(73)] ReadMemory at 0x25db9fc000 of 16384 bytes failed: Only part of a ReadProcessMemory or WriteProcessMemory request was completed. (0x12B)
[0422/184424.532:ERROR:process_memory_win.cc(73)] ReadMemory at 0x25dc1ff000 of 4096 bytes failed: Only part of a ReadProcessMemory or WriteProcessMemory request was completed. (0x12B)
[0422/184424.532:ERROR:process_memory_win.cc(73)] ReadMemory at 0x25dc9fd000 of 12288 bytes failed: Only part of a ReadProcessMemory or WriteProcessMemory request was completed. (0x12B)
[0422/184424.532:ERROR:process_memory_win.cc(73)] ReadMemory at 0x25dd1fb000 of 20480 bytes failed: Only part of a ReadProcessMemory or WriteProcessMemory request was completed. (0x12B)
[0422/184424.532:ERROR:process_memory_win.cc(73)] ReadMemory at 0x25dd9fd000 of 12288 bytes failed: Only part of a ReadProcessMemory or WriteProcessMemory request was completed. (0x12B)
[0422/184424.532:ERROR:process_memory_win.cc(73)] ReadMemory at 0x25de1f7000 of 36864 bytes failed: Only part of a ReadProcessMemory or WriteProcessMemory request was completed. (0x12B)
[0422/184424.532:ERROR:process_memory_win.cc(73)] ReadMemory at 0x25de9f6000 of 40960 bytes failed: Only part of a ReadProcessMemory or WriteProcessMemory request was completed. (0x12B)
[0422/184424.532:ERROR:process_memory_win.cc(73)] ReadMemory at 0x25df1f6000 of 40960 bytes failed: Only part of a ReadProcessMemory or WriteProcessMemory request was completed. (0x12B)
[0422/184424.532:ERROR:process_memory_win.cc(73)] ReadMemory at 0x25df9f6000 of 40960 bytes failed: Only part of a ReadProcessMemory or WriteProcessMemory request was completed. (0x12B)
[0422/184424.532:ERROR:process_memory_win.cc(73)] ReadMemory at 0x25e01fc000 of 16384 bytes failed: Only part of a ReadProcessMemory or WriteProcessMemory request was completed. (0x12B)
[0422/184424.532:ERROR:process_memory_win.cc(73)] ReadMemory at 0x25da9fd000 of 12288 bytes failed: Only part of a ReadProcessMemory or WriteProcessMemory request was completed. (0x12B)
[0422/184424.533:ERROR:process_memory_win.cc(73)] ReadMemory at 0x25e09fc000 of 16384 bytes failed: Only part of a ReadProcessMemory or WriteProcessMemory request was completed. (0x12B)
[0422/184424.533:ERROR:process_memory_win.cc(73)] ReadMemory at 0x25e11fd000 of 12288 bytes failed: Only part of a ReadProcessMemory or WriteProcessMemory request was completed. (0x12B)
[0422/184424.533:ERROR:process_memory_win.cc(73)] ReadMemory at 0x25e19fd000 of 12288 bytes failed: Only part of a ReadProcessMemory or WriteProcessMemory request was completed. (0x12B)
[0422/184424.533:ERROR:process_memory_win.cc(73)] ReadMemory at 0x25d9037000 of 852 bytes failed: Only part of a ReadProcessMemory or WriteProcessMemory request was completed. (0x12B)
[0422/184424.533:ERROR:process_memory_win.cc(73)] ReadMemory at 0x25d9038000 of 6024 bytes failed: Only part of a ReadProcessMemory or WriteProcessMemory request was completed. (0x12B)
[0422/184424.533:ERROR:process_memory_win.cc(73)] ReadMemory at 0x25d903a000 of 6024 bytes failed: Only part of a ReadProcessMemory or WriteProcessMemory request was completed. (0x12B)
[0422/184424.533:ERROR:process_memory_win.cc(73)] ReadMemory at 0x25d903e000 of 6024 bytes failed: Only part of a ReadProcessMemory or WriteProcessMemory request was completed. (0x12B)
[0422/184424.533:ERROR:process_memory_win.cc(73)] ReadMemory at 0x25d9040000 of 6024 bytes failed: Only part of a ReadProcessMemory or WriteProcessMemory request was completed. (0x12B)
[0422/184424.533:ERROR:process_memory_win.cc(73)] ReadMemory at 0x25d9042000 of 6024 bytes failed: Only part of a ReadProcessMemory or WriteProcessMemory request was completed. (0x12B)
[0422/184424.533:ERROR:process_memory_win.cc(73)] ReadMemory at 0x25d9044000 of 6024 bytes failed: Only part of a ReadProcessMemory or WriteProcessMemory request was completed. (0x12B)
[0422/184424.533:ERROR:process_memory_win.cc(73)] ReadMemory at 0x25d9046000 of 6024 bytes failed: Only part of a ReadProcessMemory or WriteProcessMemory request was completed. (0x12B)
[0422/184424.533:ERROR:process_memory_win.cc(73)] ReadMemory at 0x25d9048000 of 6024 bytes failed: Only part of a ReadProcessMemory or WriteProcessMemory request was completed. (0x12B)
[0422/184424.533:ERROR:process_memory_win.cc(73)] ReadMemory at 0x25d904a000 of 6024 bytes failed: Only part of a ReadProcessMemory or WriteProcessMemory request was completed. (0x12B)
[0422/184424.533:ERROR:process_memory_win.cc(73)] ReadMemory at 0x25d904c000 of 6024 bytes failed: Only part of a ReadProcessMemory or WriteProcessMemory request was completed. (0x12B)
[0422/184424.533:ERROR:process_memory_win.cc(73)] ReadMemory at 0x25d904e000 of 6024 bytes failed: Only part of a ReadProcessMemory or WriteProcessMemory request was completed. (0x12B)
[0422/184424.533:ERROR:process_memory_win.cc(73)] ReadMemory at 0x25d9050000 of 6024 bytes failed: Only part of a ReadProcessMemory or WriteProcessMemory request was completed. (0x12B)
[0422/184424.533:ERROR:process_memory_win.cc(73)] ReadMemory at 0x25d9052000 of 6024 bytes failed: Only part of a ReadProcessMemory or WriteProcessMemory request was completed. (0x12B)
[0422/184424.533:ERROR:process_memory_win.cc(73)] ReadMemory at 0x25d9062000 of 6024 bytes failed: Only part of a ReadProcessMemory or WriteProcessMemory request was completed. (0x12B)
[0422/184424.533:ERROR:process_memory_win.cc(73)] ReadMemory at 0x25d91e6000 of 6024 bytes failed: Only part of a ReadProcessMemory or WriteProcessMemory request was completed. (0x12B)
[0422/184424.533:ERROR:process_memory_win.cc(73)] ReadMemory at 0x25d91f0000 of 6024 bytes failed: Only part of a ReadProcessMemory or WriteProcessMemory request was completed. (0x12B)
[0422/184424.533:ERROR:process_memory_win.cc(73)] ReadMemory at 0x25d91f2000 of 6024 bytes failed: Only part of a ReadProcessMemory or WriteProcessMemory request was completed. (0x12B)
[0422/184424.533:ERROR:process_memory_win.cc(73)] ReadMemory at 0x128ed080fe0 of 4324 bytes failed: Only part of a ReadProcessMemory or WriteProcessMemory request was completed. (0x12B)
[0422/184424.533:ERROR:process_memory_win.cc(73)] ReadMemory at 0x128ed0820d0 of 1012 bytes failed: Only part of a ReadProcessMemory or WriteProcessMemory request was completed. (0x12B)
[0422/184424.533:ERROR:process_memory_win.cc(73)] ReadMemory at 0x128ed082718 of 118 bytes failed: Only part of a ReadProcessMemory or WriteProcessMemory request was completed. (0x12B)
[0422/184424.533:ERROR:process_memory_win.cc(73)] ReadMemory at 0x128ed082790 of 1262 bytes failed: Only part of a ReadProcessMemory or WriteProcessMemory request was completed. (0x12B)
[0422/184424.533:ERROR:process_memory_win.cc(73)] ReadMemory at 0x128ed082c80 of 118 bytes failed: Only part of a ReadProcessMemory or WriteProcessMemory request was completed. (0x12B)
[0422/184424.533:ERROR:process_memory_win.cc(73)] ReadMemory at 0x128ed082cf8 of 102 bytes failed: Only part of a ReadProcessMemory or WriteProcessMemory request was completed. (0x12B)
[0422/184424.533:ERROR:process_memory_win.cc(73)] ReadMemory at 0x128ed082d70 of 58 bytes failed: Only part of a ReadProcessMemory or WriteProcessMemory request was completed. (0x12B)
[0422/184424.533:ERROR:process_memory_win.cc(73)] ReadMemory at 0x128ed082e70 of 132 bytes failed: Only part of a ReadProcessMemory or WriteProcessMemory request was completed. (0x12B)
[0422/184424.533:ERROR:process_memory_win.cc(73)] ReadMemory at 0x128ed083000 of 132 bytes failed: Only part of a ReadProcessMemory or WriteProcessMemory request was completed. (0x12B)
[0422/184424.533:ERROR:process_memory_win.cc(73)] ReadMemory at 0x128ed0831c0 of 126 bytes failed: Only part of a ReadProcessMemory or WriteProcessMemory request was completed. (0x12B)
[0422/184424.534:ERROR:process_memory_win.cc(73)] ReadMemory at 0x128ed0835a0 of 132 bytes failed: Only part of a ReadProcessMemory or WriteProcessMemory request was completed. (0x12B)
[0422/184424.534:ERROR:process_memory_win.cc(73)] ReadMemory at 0x128ed083730 of 64 bytes failed: Only part of a ReadProcessMemory or WriteProcessMemory request was completed. (0x12B)
[0422/184424.534:ERROR:process_memory_win.cc(73)] ReadMemory at 0x128ed083780 of 132 bytes failed: Only part of a ReadProcessMemory or WriteProcessMemory request was completed. (0x12B)
[0422/184424.534:ERROR:process_memory_win.cc(73)] ReadMemory at 0x128ed0838b0 of 146 bytes failed: Only part of a ReadProcessMemory or WriteProcessMemory request was completed. (0x12B)
[0422/184424.534:ERROR:process_memory_win.cc(73)] ReadMemory at 0x128ed083990 of 154 bytes failed: Only part of a ReadProcessMemory or WriteProcessMemory request was completed. (0x12B)
[0422/184424.534:ERROR:process_memory_win.cc(73)] ReadMemory at 0x128ed083b90 of 132 bytes failed: Only part of a ReadProcessMemory or WriteProcessMemory request was completed. (0x12B)
[0422/184424.534:ERROR:process_memory_win.cc(73)] ReadMemory at 0x128ed083d20 of 68 bytes failed: Only part of a ReadProcessMemory or WriteProcessMemory request was completed. (0x12B)
[0422/184424.534:ERROR:process_memory_win.cc(73)] ReadMemory at 0x128ed084e00 of 132 bytes failed: Only part of a ReadProcessMemory or WriteProcessMemory request was completed. (0x12B)
[0422/184424.534:ERROR:process_memory_win.cc(73)] ReadMemory at 0x128ed084fd0 of 132 bytes failed: Only part of a ReadProcessMemory or WriteProcessMemory request was completed. (0x12B)
[0422/184424.534:ERROR:process_memory_win.cc(73)] ReadMemory at 0x128ed085ec0 of 62 bytes failed: Only part of a ReadProcessMemory or WriteProcessMemory request was completed. (0x12B)
[0422/184424.534:ERROR:process_memory_win.cc(73)] ReadMemory at 0x128ed0860b0 of 60 bytes failed: Only part of a ReadProcessMemory or WriteProcessMemory request was completed. (0x12B)
[0422/184424.534:ERROR:process_memory_win.cc(73)] ReadMemory at 0x128ed086680 of 132 bytes failed: Only part of a ReadProcessMemory or WriteProcessMemory request was completed. (0x12B)
[0422/184424.534:ERROR:process_memory_win.cc(73)] ReadMemory at 0x128ed0868dc of 512 bytes failed: Only part of a ReadProcessMemory or WriteProcessMemory request was completed. (0x12B)
[0422/184424.534:ERROR:process_memory_win.cc(73)] ReadMemory at 0x128ed087e60 of 132 bytes failed: Only part of a ReadProcessMemory or WriteProcessMemory request was completed. (0x12B)
[0422/184424.534:ERROR:process_memory_win.cc(73)] ReadMemory at 0x128ed08a6a0 of 132 bytes failed: Only part of a ReadProcessMemory or WriteProcessMemory request was completed. (0x12B)
[0422/184424.534:ERROR:process_memory_win.cc(73)] ReadMemory at 0x128ed08a7d0 of 132 bytes failed: Only part of a ReadProcessMemory or WriteProcessMemory request was completed. (0x12B)
[0422/184424.534:ERROR:process_memory_win.cc(73)] ReadMemory at 0x128ed08a960 of 80 bytes failed: Only part of a ReadProcessMemory or WriteProcessMemory request was completed. (0x12B)
[0422/184424.534:ERROR:process_memory_win.cc(73)] ReadMemory at 0x128ed08ab00 of 64 bytes failed: Only part of a ReadProcessMemory or WriteProcessMemory request was completed. (0x12B)
[0422/184424.534:ERROR:process_memory_win.cc(73)] ReadMemory at 0x128ed08ab50 of 64 bytes failed: Only part of a ReadProcessMemory or WriteProcessMemory request was completed. (0x12B)
[0422/184424.534:ERROR:process_memory_win.cc(73)] ReadMemory at 0x128ed08ace0 of 64 bytes failed: Only part of a ReadProcessMemory or WriteProcessMemory request was completed. (0x12B)
[0422/184424.534:ERROR:process_memory_win.cc(73)] ReadMemory at 0x128ed08ae20 of 60 bytes failed: Only part of a ReadProcessMemory or WriteProcessMemory request was completed. (0x12B)
[0422/184424.534:ERROR:process_memory_win.cc(73)] ReadMemory at 0x128ed08ae70 of 62 bytes failed: Only part of a ReadProcessMemory or WriteProcessMemory request was completed. (0x12B)
[0422/184424.534:ERROR:process_memory_win.cc(73)] ReadMemory at 0x128ed08aec0 of 60 bytes failed: Only part of a ReadProcessMemory or WriteProcessMemory request was completed. (0x12B)
[0422/184424.534:ERROR:process_memory_win.cc(73)] ReadMemory at 0x128ed08af60 of 66 bytes failed: Only part of a ReadProcessMemory or WriteProcessMemory request was completed. (0x12B)
[0422/184424.534:ERROR:process_memory_win.cc(73)] ReadMemory at 0x128ed08b0f0 of 62 bytes failed: Only part of a ReadProcessMemory or WriteProcessMemory request was completed. (0x12B)
[0422/184424.534:ERROR:process_memory_win.cc(73)] ReadMemory at 0x128ed08b230 of 64 bytes failed: Only part of a ReadProcessMemory or WriteProcessMemory request was completed. (0x12B)
[0422/184424.534:ERROR:process_memory_win.cc(73)] ReadMemory at 0x128ed08b710 of 132 bytes failed: Only part of a ReadProcessMemory or WriteProcessMemory request was completed. (0x12B)
[0422/184424.534:ERROR:process_memory_win.cc(73)] ReadMemory at 0x128ed08b840 of 132 bytes failed: Only part of a ReadProcessMemory or WriteProcessMemory request was completed. (0x12B)
[0422/184424.534:ERROR:process_memory_win.cc(73)] ReadMemory at 0x128ed08b970 of 132 bytes failed: Only part of a ReadProcessMemory or WriteProcessMemory request was completed. (0x12B)
[0422/184424.534:ERROR:process_memory_win.cc(73)] ReadMemory at 0x128ed08baa0 of 132 bytes failed: Only part of a ReadProcessMemory or WriteProcessMemory request was completed. (0x12B)
[0422/184424.534:ERROR:process_memory_win.cc(73)] ReadMemory at 0x128ed08bbd0 of 132 bytes failed: Only part of a ReadProcessMemory or WriteProcessMemory request was completed. (0x12B)
[0422/184424.534:ERROR:process_memory_win.cc(73)] ReadMemory at 0x128ed08bd00 of 132 bytes failed: Only part of a ReadProcessMemory or WriteProcessMemory request was completed. (0x12B)
[0422/184424.534:ERROR:process_memory_win.cc(73)] ReadMemory at 0x128ed08be30 of 132 bytes failed: Only part of a ReadProcessMemory or WriteProcessMemory request was completed. (0x12B)
[0422/184424.534:ERROR:process_memory_win.cc(73)] ReadMemory at 0x128ed08bf60 of 132 bytes failed: Only part of a ReadProcessMemory or WriteProcessMemory request was completed. (0x12B)
[0422/184424.535:ERROR:process_memory_win.cc(73)] ReadMemory at 0x128ed08c090 of 132 bytes failed: Only part of a ReadProcessMemory or WriteProcessMemory request was completed. (0x12B)
[0422/184424.535:ERROR:process_memory_win.cc(73)] ReadMemory at 0x128ed08c1c0 of 132 bytes failed: Only part of a ReadProcessMemory or WriteProcessMemory request was completed. (0x12B)
[0422/184424.535:ERROR:process_memory_win.cc(73)] ReadMemory at 0x128ed08c2f0 of 132 bytes failed: Only part of a ReadProcessMemory or WriteProcessMemory request was completed. (0x12B)
[0422/184424.535:ERROR:process_memory_win.cc(73)] ReadMemory at 0x128ed08c420 of 132 bytes failed: Only part of a ReadProcessMemory or WriteProcessMemory request was completed. (0x12B)
[0422/184424.535:ERROR:process_memory_win.cc(73)] ReadMemory at 0x128ed08dbb0 of 132 bytes failed: Only part of a ReadProcessMemory or WriteProcessMemory request was completed. (0x12B)
[0422/184424.535:ERROR:process_memory_win.cc(73)] ReadMemory at 0x128ed08ddd0 of 132 bytes failed: Only part of a ReadProcessMemory or WriteProcessMemory request was completed. (0x12B)
[0422/184424.535:ERROR:process_memory_win.cc(73)] ReadMemory at 0x128ed08fb60 of 54 bytes failed: Only part of a ReadProcessMemory or WriteProcessMemory request was completed. (0x12B)
[0422/184424.535:ERROR:process_memory_win.cc(73)] ReadMemory at 0x128ed091f60 of 132 bytes failed: Only part of a ReadProcessMemory or WriteProcessMemory request was completed. (0x12B)
[0422/184424.535:ERROR:process_memory_win.cc(73)] ReadMemory at 0x128ed093cd0 of 132 bytes failed: Only part of a ReadProcessMemory or WriteProcessMemory request was completed. (0x12B)
[0422/184424.535:ERROR:process_memory_win.cc(73)] ReadMemory at 0x128ed093f40 of 132 bytes failed: Only part of a ReadProcessMemory or WriteProcessMemory request was completed. (0x12B)
[0422/184424.535:ERROR:process_memory_win.cc(73)] ReadMemory at 0x128ed094150 of 132 bytes failed: Only part of a ReadProcessMemory or WriteProcessMemory request was completed. (0x12B)
[0422/184424.535:ERROR:process_memory_win.cc(73)] ReadMemory at 0x128ed095230 of 76 bytes failed: Only part of a ReadProcessMemory or WriteProcessMemory request was completed. (0x12B)
[0422/184424.535:ERROR:process_memory_win.cc(73)] ReadMemory at 0x128ed095a10 of 80 bytes failed: Only part of a ReadProcessMemory or WriteProcessMemory request was completed. (0x12B)
[0422/184424.535:ERROR:process_memory_win.cc(73)] ReadMemory at 0x128ed095ef0 of 78 bytes failed: Only part of a ReadProcessMemory or WriteProcessMemory request was completed. (0x12B)
[0422/184424.535:ERROR:process_memory_win.cc(73)] ReadMemory at 0x128ed096000 of 62 bytes failed: Only part of a ReadProcessMemory or WriteProcessMemory request was completed. (0x12B)
[0422/184424.535:ERROR:process_memory_win.cc(73)] ReadMemory at 0x128ed0960f0 of 62 bytes failed: Only part of a ReadProcessMemory or WriteProcessMemory request was completed. (0x12B)
[0422/184424.535:ERROR:process_memory_win.cc(73)] ReadMemory at 0x128ed096230 of 60 bytes failed: Only part of a ReadProcessMemory or WriteProcessMemory request was completed. (0x12B)
[0422/184424.535:ERROR:process_memory_win.cc(73)] ReadMemory at 0x128ed096320 of 64 bytes failed: Only part of a ReadProcessMemory or WriteProcessMemory request was completed. (0x12B)
[0422/184424.535:ERROR:process_memory_win.cc(73)] ReadMemory at 0x128ed0963c0 of 62 bytes failed: Only part of a ReadProcessMemory or WriteProcessMemory request was completed. (0x12B)
[0422/184424.535:ERROR:process_memory_win.cc(73)] ReadMemory at 0x128ed0965f0 of 62 bytes failed: Only part of a ReadProcessMemory or WriteProcessMemory request was completed. (0x12B)
[0422/184424.535:ERROR:process_memory_win.cc(73)] ReadMemory at 0x128ed096690 of 64 bytes failed: Only part of a ReadProcessMemory or WriteProcessMemory request was completed. (0x12B)
[0422/184424.535:ERROR:process_memory_win.cc(73)] ReadMemory at 0x128ed096820 of 64 bytes failed: Only part of a ReadProcessMemory or WriteProcessMemory request was completed. (0x12B)
[0422/184424.535:ERROR:process_memory_win.cc(73)] ReadMemory at 0x128ed096870 of 62 bytes failed: Only part of a ReadProcessMemory or WriteProcessMemory request was completed. (0x12B)
[0422/184424.535:ERROR:process_memory_win.cc(73)] ReadMemory at 0x128ed0968c0 of 58 bytes failed: Only part of a ReadProcessMemory or WriteProcessMemory request was completed. (0x12B)
[0422/184424.535:ERROR:process_memory_win.cc(73)] ReadMemory at 0x128ed096910 of 62 bytes failed: Only part of a ReadProcessMemory or WriteProcessMemory request was completed. (0x12B)
[0422/184424.535:ERROR:process_memory_win.cc(73)] ReadMemory at 0x128ed096960 of 66 bytes failed: Only part of a ReadProcessMemory or WriteProcessMemory request was completed. (0x12B)
[0422/184424.535:ERROR:process_memory_win.cc(73)] ReadMemory at 0x128ed0969b0 of 60 bytes failed: Only part of a ReadProcessMemory or WriteProcessMemory request was completed. (0x12B)
[0422/184424.535:ERROR:process_memory_win.cc(73)] ReadMemory at 0x128ed096a00 of 60 bytes failed: Only part of a ReadProcessMemory or WriteProcessMemory request was completed. (0x12B)
[0422/184424.535:ERROR:process_memory_win.cc(73)] ReadMemory at 0x128ed096a50 of 64 bytes failed: Only part of a ReadProcessMemory or WriteProcessMemory request was completed. (0x12B)
[0422/184424.535:ERROR:process_memory_win.cc(73)] ReadMemory at 0x128ed096af0 of 64 bytes failed: Only part of a ReadProcessMemory or WriteProcessMemory request was completed. (0x12B)
[0422/184424.535:ERROR:process_memory_win.cc(73)] ReadMemory at 0x128ed096b40 of 62 bytes failed: Only part of a ReadProcessMemory or WriteProcessMemory request was completed. (0x12B)
[0422/184424.535:ERROR:process_memory_win.cc(73)] ReadMemory at 0x128ed096b90 of 60 bytes failed: Only part of a ReadProcessMemory or WriteProcessMemory request was completed. (0x12B)
[0422/184424.536:ERROR:process_memory_win.cc(73)] ReadMemory at 0x128ed096c80 of 62 bytes failed: Only part of a ReadProcessMemory or WriteProcessMemory request was completed. (0x12B)
[0422/184424.536:ERROR:process_memory_win.cc(73)] ReadMemory at 0x128ed096cd0 of 62 bytes failed: Only part of a ReadProcessMemory or WriteProcessMemory request was completed. (0x12B)
[0422/184424.536:ERROR:process_memory_win.cc(73)] ReadMemory at 0x128ed0973b0 of 132 bytes failed: Only part of a ReadProcessMemory or WriteProcessMemory request was completed. (0x12B)
[0422/184424.536:ERROR:process_memory_win.cc(73)] ReadMemory at 0x128ed097610 of 132 bytes failed: Only part of a ReadProcessMemory or WriteProcessMemory request was completed. (0x12B)
[0422/184424.536:ERROR:process_memory_win.cc(73)] ReadMemory at 0x128ed097740 of 132 bytes failed: Only part of a ReadProcessMemory or WriteProcessMemory request was completed. (0x12B)
[0422/184424.536:ERROR:process_memory_win.cc(73)] ReadMemory at 0x128ed097870 of 132 bytes failed: Only part of a ReadProcessMemory or WriteProcessMemory request was completed. (0x12B)
[0422/184424.536:ERROR:process_memory_win.cc(73)] ReadMemory at 0x128ed0979a0 of 132 bytes failed: Only part of a ReadProcessMemory or WriteProcessMemory request was completed. (0x12B)
[0422/184424.536:ERROR:process_memory_win.cc(73)] ReadMemory at 0x128ed097ad0 of 132 bytes failed: Only part of a ReadProcessMemory or WriteProcessMemory request was completed. (0x12B)
[0422/184424.536:ERROR:process_memory_win.cc(73)] ReadMemory at 0x128ed097c00 of 132 bytes failed: Only part of a ReadProcessMemory or WriteProcessMemory request was completed. (0x12B)
[0422/184424.536:ERROR:process_memory_win.cc(73)] ReadMemory at 0x128ed097d30 of 132 bytes failed: Only part of a ReadProcessMemory or WriteProcessMemory request was completed. (0x12B)
[0422/184424.536:ERROR:process_memory_win.cc(73)] ReadMemory at 0x128ed097e60 of 132 bytes failed: Only part of a ReadProcessMemory or WriteProcessMemory request was completed. (0x12B)
[0422/184424.536:ERROR:process_memory_win.cc(73)] ReadMemory at 0x128ed097f90 of 132 bytes failed: Only part of a ReadProcessMemory or WriteProcessMemory request was completed. (0x12B)
[0422/184424.536:ERROR:process_memory_win.cc(73)] ReadMemory at 0x128ed0980c0 of 132 bytes failed: Only part of a ReadProcessMemory or WriteProcessMemory request was completed. (0x12B)
[0422/184424.536:ERROR:process_memory_win.cc(73)] ReadMemory at 0x128ed0981f0 of 132 bytes failed: Only part of a ReadProcessMemory or WriteProcessMemory request was completed. (0x12B)
[0422/184424.536:ERROR:process_memory_win.cc(73)] ReadMemory at 0x128ed098320 of 132 bytes failed: Only part of a ReadProcessMemory or WriteProcessMemory request was completed. (0x12B)
[0422/184424.536:ERROR:process_memory_win.cc(73)] ReadMemory at 0x128ed098580 of 132 bytes failed: Only part of a ReadProcessMemory or WriteProcessMemory request was completed. (0x12B)
[0422/184424.536:ERROR:process_memory_win.cc(73)] ReadMemory at 0x128ed0986b0 of 132 bytes failed: Only part of a ReadProcessMemory or WriteProcessMemory request was completed. (0x12B)
[0422/184424.536:ERROR:process_memory_win.cc(73)] ReadMemory at 0x128ed0987e0 of 132 bytes failed: Only part of a ReadProcessMemory or WriteProcessMemory request was completed. (0x12B)
[0422/184424.536:ERROR:process_memory_win.cc(73)] ReadMemory at 0x128ed098910 of 132 bytes failed: Only part of a ReadProcessMemory or WriteProcessMemory request was completed. (0x12B)
[0422/184424.536:ERROR:process_memory_win.cc(73)] ReadMemory at 0x128ed098a40 of 132 bytes failed: Only part of a ReadProcessMemory or WriteProcessMemory request was completed. (0x12B)
[0422/184424.536:ERROR:process_memory_win.cc(73)] ReadMemory at 0x128ed098b70 of 132 bytes failed: Only part of a ReadProcessMemory or WriteProcessMemory request was completed. (0x12B)
[0422/184424.536:ERROR:process_memory_win.cc(73)] ReadMemory at 0x128ed098ca0 of 132 bytes failed: Only part of a ReadProcessMemory or WriteProcessMemory request was completed. (0x12B)
[0422/184424.536:ERROR:process_memory_win.cc(73)] ReadMemory at 0x128ed098dd0 of 132 bytes failed: Only part of a ReadProcessMemory or WriteProcessMemory request was completed. (0x12B)
[0422/184424.536:ERROR:process_memory_win.cc(73)] ReadMemory at 0x128ed0abb00 of 58 bytes failed: Only part of a ReadProcessMemory or WriteProcessMemory request was completed. (0x12B)
[0422/184424.536:ERROR:process_memory_win.cc(73)] ReadMemory at 0x128ed0abdd0 of 66 bytes failed: Only part of a ReadProcessMemory or WriteProcessMemory request was completed. (0x12B)
[0422/184424.536:ERROR:process_memory_win.cc(73)] ReadMemory at 0x128ed0abe20 of 58 bytes failed: Only part of a ReadProcessMemory or WriteProcessMemory request was completed. (0x12B)
[0422/184424.536:ERROR:process_memory_win.cc(73)] ReadMemory at 0x128ed0abe70 of 60 bytes failed: Only part of a ReadProcessMemory or WriteProcessMemory request was completed. (0x12B)
[0422/184424.536:ERROR:process_memory_win.cc(73)] ReadMemory at 0x128ed0abec0 of 58 bytes failed: Only part of a ReadProcessMemory or WriteProcessMemory request was completed. (0x12B)
[0422/184424.536:ERROR:process_memory_win.cc(73)] ReadMemory at 0x128ed0abf60 of 62 bytes failed: Only part of a ReadProcessMemory or WriteProcessMemory request was completed. (0x12B)
[0422/184424.536:ERROR:process_memory_win.cc(73)] ReadMemory at 0x128ed0ac000 of 62 bytes failed: Only part of a ReadProcessMemory or WriteProcessMemory request was completed. (0x12B)
[0422/184424.536:ERROR:process_memory_win.cc(73)] ReadMemory at 0x128ed0ac2d0 of 60 bytes failed: Only part of a ReadProcessMemory or WriteProcessMemory request was completed. (0x12B)
[0422/184424.536:ERROR:process_memory_win.cc(73)] ReadMemory at 0x128ed0b79e0 of 512 bytes failed: Only part of a ReadProcessMemory or WriteProcessMemory request was completed. (0x12B)
[0422/184424.536:ERROR:process_memory_win.cc(73)] ReadMemory at 0x128ed0b8940 of 512 bytes failed: Only part of a ReadProcessMemory or WriteProcessMemory request was completed. (0x12B)
[0422/184424.536:ERROR:process_memory_win.cc(73)] ReadMemory at 0x128ed3d7230 of 512 bytes failed: Only part of a ReadProcessMemory or WriteProcessMemory request was completed. (0x12B)
[0422/184424.536:ERROR:process_memory_win.cc(73)] ReadMemory at 0x128ed7210c0 of 512 bytes failed: Only part of a ReadProcessMemory or WriteProcessMemory request was completed. (0x12B)
[0422/184424.537:ERROR:process_memory_win.cc(73)] ReadMemory at 0x128ed7234c0 of 512 bytes failed: Only part of a ReadProcessMemory or WriteProcessMemory request was completed. (0x12B)
[0422/184424.537:ERROR:process_memory_win.cc(73)] ReadMemory at 0x128ed785b20 of 512 bytes failed: Only part of a ReadProcessMemory or WriteProcessMemory request was completed. (0x12B)
[0422/184424.537:ERROR:process_memory_win.cc(73)] ReadMemory at 0x128ed791808 of 512 bytes failed: Only part of a ReadProcessMemory or WriteProcessMemory request was completed. (0x12B)
[0422/184424.537:ERROR:process_memory_win.cc(73)] ReadMemory at 0x128ed792950 of 512 bytes failed: Only part of a ReadProcessMemory or WriteProcessMemory request was completed. (0x12B)
[0422/184424.537:ERROR:process_memory_win.cc(73)] ReadMemory at 0x128ed793af8 of 512 bytes failed: Only part of a ReadProcessMemory or WriteProcessMemory request was completed. (0x12B)
[0422/184424.537:ERROR:process_memory_win.cc(73)] ReadMemory at 0x128ed7a65c0 of 712 bytes failed: Only part of a ReadProcessMemory or WriteProcessMemory request was completed. (0x12B)
[0422/184424.537:ERROR:process_memory_win.cc(73)] ReadMemory at 0x128ed7a9930 of 512 bytes failed: Only part of a ReadProcessMemory or WriteProcessMemory request was completed. (0x12B)
[0422/184424.537:ERROR:process_memory_win.cc(73)] ReadMemory at 0x128ed85b1c0 of 512 bytes failed: Only part of a ReadProcessMemory or WriteProcessMemory request was completed. (0x12B)
[0422/184424.537:ERROR:process_memory_win.cc(73)] ReadMemory at 0x128ed88ff80 of 512 bytes failed: Only part of a ReadProcessMemory or WriteProcessMemory request was completed. (0x12B)
[0422/184424.537:ERROR:process_memory_win.cc(73)] ReadMemory at 0x128ef0a0000 of 384 bytes failed: Only part of a ReadProcessMemory or WriteProcessMemory request was completed. (0x12B)
[0422/184424.537:ERROR:process_memory_win.cc(73)] ReadMemory at 0x128ef0c4ef0 of 512 bytes failed: Only part of a ReadProcessMemory or WriteProcessMemory request was completed. (0x12B)
[0422/184424.537:ERROR:process_memory_win.cc(73)] ReadMemory at 0x128ef68a810 of 512 bytes failed: Only part of a ReadProcessMemory or WriteProcessMemory request was completed. (0x12B)
[0422/184424.537:ERROR:process_memory_win.cc(73)] ReadMemory at 0x128ef749390 of 512 bytes failed: Only part of a ReadProcessMemory or WriteProcessMemory request was completed. (0x12B)
[0422/184424.537:ERROR:process_memory_win.cc(73)] ReadMemory at 0x128ef955c30 of 528 bytes failed: Only part of a ReadProcessMemory or WriteProcessMemory request was completed. (0x12B)
[0422/184424.537:ERROR:process_memory_win.cc(73)] ReadMemory at 0x128efa70000 of 444 bytes failed: Only part of a ReadProcessMemory or WriteProcessMemory request was completed. (0x12B)
[0422/184424.537:ERROR:process_memory_win.cc(73)] ReadMemory at 0x128efa745fc of 512 bytes failed: Only part of a ReadProcessMemory or WriteProcessMemory request was completed. (0x12B)
[0422/184424.537:ERROR:process_memory_win.cc(73)] ReadMemory at 0x128efb4bc78 of 512 bytes failed: Only part of a ReadProcessMemory or WriteProcessMemory request was completed. (0x12B)
[0422/184424.537:ERROR:process_memory_win.cc(73)] ReadMemory at 0x128f0ad9ef0 of 512 bytes failed: Only part of a ReadProcessMemory or WriteProcessMemory request was completed. (0x12B)
[0422/184424.537:ERROR:process_memory_win.cc(73)] ReadMemory at 0x128f0b17700 of 512 bytes failed: Only part of a ReadProcessMemory or WriteProcessMemory request was completed. (0x12B)
[0422/184424.537:ERROR:process_memory_win.cc(73)] ReadMemory at 0x128f0b17ce0 of 512 bytes failed: Only part of a ReadProcessMemory or WriteProcessMemory request was completed. (0x12B)
[0422/184424.537:ERROR:process_memory_win.cc(73)] ReadMemory at 0x128f0d7fee0 of 512 bytes failed: Only part of a ReadProcessMemory or WriteProcessMemory request was completed. (0x12B)
[0422/184424.537:ERROR:process_memory_win.cc(73)] ReadMemory at 0x128f0f4a470 of 512 bytes failed: Only part of a ReadProcessMemory or WriteProcessMemory request was completed. (0x12B)
[0422/184424.537:ERROR:process_memory_win.cc(73)] ReadMemory at 0x128f10b4740 of 512 bytes failed: Only part of a ReadProcessMemory or WriteProcessMemory request was completed. (0x12B)
[0422/184424.537:ERROR:process_memory_win.cc(73)] ReadMemory at 0x128f1a67380 of 512 bytes failed: Only part of a ReadProcessMemory or WriteProcessMemory request was completed. (0x12B)
[0422/184424.537:ERROR:process_memory_win.cc(73)] ReadMemory at 0x128f5c3c880 of 512 bytes failed: Only part of a ReadProcessMemory or WriteProcessMemory request was completed. (0x12B)
[0422/184424.537:ERROR:process_memory_win.cc(73)] ReadMemory at 0x128f72d56f0 of 512 bytes failed: Only part of a ReadProcessMemory or WriteProcessMemory request was completed. (0x12B)
[0422/184424.537:ERROR:process_memory_win.cc(73)] ReadMemory at 0x128f771ab00 of 512 bytes failed: Only part of a ReadProcessMemory or WriteProcessMemory request was completed. (0x12B)
[0422/184424.537:ERROR:process_memory_win.cc(73)] ReadMemory at 0x7ffb500f870c of 512 bytes failed: Only part of a ReadProcessMemory or WriteProcessMemory request was completed. (0x12B)
[0422/184424.537:ERROR:process_memory_win.cc(73)] ReadMemory at 0x7ffb50288728 of 512 bytes failed: Only part of a ReadProcessMemory or WriteProcessMemory request was completed. (0x12B)
[0422/184424.538:ERROR:process_memory_win.cc(73)] ReadMemory at 0x7ffb502b26a4 of 512 bytes failed: Only part of a ReadProcessMemory or WriteProcessMemory request was completed. (0x12B)
[0422/184424.538:ERROR:process_memory_win.cc(73)] ReadMemory at 0x7ffb53f1e170 of 512 bytes failed: Only part of a ReadProcessMemory or WriteProcessMemory request was completed. (0x12B)
[0422/184424.538:ERROR:process_memory_win.cc(73)] ReadMemory at 0x7ffb8b36473b of 512 bytes failed: Only part of a ReadProcessMemory or WriteProcessMemory request was completed. (0x12B)
[0422/184424.538:ERROR:process_memory_win.cc(73)] ReadMemory at 0x7ffba395a719 of 512 bytes failed: Only part of a ReadProcessMemory or WriteProcessMemory request was completed. (0x12B)
[0422/184424.538:ERROR:process_memory_win.cc(73)] ReadMemory at 0x7ffba3b8b6e0 of 512 bytes failed: Only part of a ReadProcessMemory or WriteProcessMemory request was completed. (0x12B)
[0422/184424.538:ERROR:process_memory_win.cc(73)] ReadMemory at 0x7ffba5fa0753 of 512 bytes failed: Only part of a ReadProcessMemory or WriteProcessMemory request was completed. (0x12B)
[0422/184424.538:ERROR:process_memory_win.cc(73)] ReadMemory at 0x7ffba5ffc074 of 672 bytes failed: Only part of a ReadProcessMemory or WriteProcessMemory request was completed. (0x12B)
[0422/184424.538:ERROR:process_memory_win.cc(73)] ReadMemory at 0x7ffba5ffc674 of 512 bytes failed: Only part of a ReadProcessMemory or WriteProcessMemory request was completed. (0x12B)
[0422/184424.538:ERROR:process_memory_win.cc(73)] ReadMemory at 0x7ffba5fff924 of 608 bytes failed: Only part of a ReadProcessMemory or WriteProcessMemory request was completed. (0x12B)
[0422/184424.538:ERROR:process_memory_win.cc(73)] ReadMemory at 0x7ffba608c428 of 18 bytes failed: Only part of a ReadProcessMemory or WriteProcessMemory request was completed. (0x12B)
[0422/184424.538:ERROR:process_memory_win.cc(73)] ReadMemory at 0x7ffba60bf4f8 of 40 bytes failed: Only part of a ReadProcessMemory or WriteProcessMemory request was completed. (0x12B)
[0422/184424.538:ERROR:process_memory_win.cc(73)] ReadMemory at 0x7ffba60bf978 of 48 bytes failed: Only part of a ReadProcessMemory or WriteProcessMemory request was completed. (0x12B)
[0422/184424.538:ERROR:process_memory_win.cc(73)] ReadMemory at 0x7ffba60c53c0 of 64 bytes failed: Only part of a ReadProcessMemory or WriteProcessMemory request was completed. (0x12B)
[0422/184424.539:ERROR:scoped_process_suspend.cc(40)] NtResumeProcess: An attempt was made to access an exiting process. (0xc000010a)
